[0.014s] Invoking command in '/home/clarissa/Documents/pers-robotics/car-scratch/build/sim': CMAKE_PREFIX_PATH=${CMAKE_PREFIX_PATH}:/home/clarissa/Documents/pers-robotics/car-scratch/src/install/simulation:/opt/ros/humble /usr/bin/cmake --build /home/clarissa/Documents/pers-robotics/car-scratch/build/sim -- -j20 -l20
[0.040s] Invoked command in '/home/clarissa/Documents/pers-robotics/car-scratch/build/sim' returned '0': CMAKE_PREFIX_PATH=${CMAKE_PREFIX_PATH}:/home/clarissa/Documents/pers-robotics/car-scratch/src/install/simulation:/opt/ros/humble /usr/bin/cmake --build /home/clarissa/Documents/pers-robotics/car-scratch/build/sim -- -j20 -l20
[0.047s] Invoking command in '/home/clarissa/Documents/pers-robotics/car-scratch/build/sim': CMAKE_PREFIX_PATH=${CMAKE_PREFIX_PATH}:/home/clarissa/Documents/pers-robotics/car-scratch/src/install/simulation:/opt/ros/humble /usr/bin/cmake --install /home/clarissa/Documents/pers-robotics/car-scratch/build/sim
[0.051s] -- Install configuration: ""
[0.051s] -- Up-to-date: /home/clarissa/Documents/pers-robotics/car-scratch/install/sim/share/sim/launch
[0.051s] -- Installing: /home/clarissa/Documents/pers-robotics/car-scratch/install/sim/share/sim/launch/gazebo.launch.py
[0.051s] -- Up-to-date: /home/clarissa/Documents/pers-robotics/car-scratch/install/sim/share/sim/launch/display.launch.py
[0.051s] -- Up-to-date: /home/clarissa/Documents/pers-robotics/car-scratch/install/sim/share/sim/urdf
[0.051s] -- Installing: /home/clarissa/Documents/pers-robotics/car-scratch/install/sim/share/sim/urdf/ros2_control.xacro
[0.051s] -- Installing: /home/clarissa/Documents/pers-robotics/car-scratch/install/sim/share/sim/urdf/robot.urdf.xacro
[0.052s] -- Up-to-date: /home/clarissa/Documents/pers-robotics/car-scratch/install/sim/share/sim/rviz
[0.052s] -- Up-to-date: /home/clarissa/Documents/pers-robotics/car-scratch/install/sim/share/sim/config
[0.052s] -- Installing: /home/clarissa/Documents/pers-robotics/car-scratch/install/sim/share/sim/config/controllers.yaml
[0.052s] -- Up-to-date: /home/clarissa/Documents/pers-robotics/car-scratch/install/sim/share/ament_index/resource_index/package_run_dependencies/sim
[0.052s] -- Up-to-date: /home/clarissa/Documents/pers-robotics/car-scratch/install/sim/share/ament_index/resource_index/parent_prefix_path/sim
[0.052s] -- Up-to-date: /home/clarissa/Documents/pers-robotics/car-scratch/install/sim/share/sim/environment/ament_prefix_path.sh
[0.052s] -- Up-to-date: /home/clarissa/Documents/pers-robotics/car-scratch/install/sim/share/sim/environment/ament_prefix_path.dsv
[0.052s] -- Up-to-date: /home/clarissa/Documents/pers-robotics/car-scratch/install/sim/share/sim/environment/path.sh
[0.052s] -- Up-to-date: /home/clarissa/Documents/pers-robotics/car-scratch/install/sim/share/sim/environment/path.dsv
[0.052s] -- Up-to-date: /home/clarissa/Documents/pers-robotics/car-scratch/install/sim/share/sim/local_setup.bash
[0.052s] -- Up-to-date: /home/clarissa/Documents/pers-robotics/car-scratch/install/sim/share/sim/local_setup.sh
[0.052s] -- Up-to-date: /home/clarissa/Documents/pers-robotics/car-scratch/install/sim/share/sim/local_setup.zsh
[0.052s] -- Up-to-date: /home/clarissa/Documents/pers-robotics/car-scratch/install/sim/share/sim/local_setup.dsv
[0.052s] -- Installing: /home/clarissa/Documents/pers-robotics/car-scratch/install/sim/share/sim/package.dsv
[0.052s] -- Up-to-date: /home/clarissa/Documents/pers-robotics/car-scratch/install/sim/share/ament_index/resource_index/packages/sim
[0.052s] -- Up-to-date: /home/clarissa/Documents/pers-robotics/car-scratch/install/sim/share/sim/cmake/simConfig.cmake
[0.052s] -- Up-to-date: /home/clarissa/Documents/pers-robotics/car-scratch/install/sim/share/sim/cmake/simConfig-version.cmake
[0.052s] -- Up-to-date: /home/clarissa/Documents/pers-robotics/car-scratch/install/sim/share/sim/package.xml
[0.053s] Invoked command in '/home/clarissa/Documents/pers-robotics/car-scratch/build/sim' returned '0': CMAKE_PREFIX_PATH=${CMAKE_PREFIX_PATH}:/home/clarissa/Documents/pers-robotics/car-scratch/src/install/simulation:/opt/ros/humble /usr/bin/cmake --install /home/clarissa/Documents/pers-robotics/car-scratch/build/sim
