[0.010s] Invoking command in '/home/clarissa/Documents/pers-robotics/car-scratch/src/build/sim': CMAKE_PREFIX_PATH=/home/clarissa/Documents/pers-robotics/car-scratch/src/install/simulation:/opt/ros/humble /usr/bin/cmake /home/clarissa/Documents/pers-robotics/car-scratch/src/sim -DCMAKE_INSTALL_PREFIX=/home/clarissa/Documents/pers-robotics/car-scratch/src/install/sim
[0.073s] -- The C compiler identification is GNU 11.4.0
[0.121s] -- The CXX compiler identification is GNU 11.4.0
[0.128s] -- Detecting C compiler ABI info
[0.181s] -- Detecting C compiler ABI info - done
[0.187s] -- Check for working C compiler: /usr/bin/cc - skipped
[0.187s] -- Detecting C compile features
[0.188s] -- Detecting C compile features - done
[0.190s] -- Detecting CXX compiler ABI info
[0.249s] -- Detecting CXX compiler ABI info - done
[0.254s] -- Check for working CXX compiler: /usr/bin/c++ - skipped
[0.254s] -- Detecting CXX compile features
[0.254s] -- Detecting CXX compile features - done
[0.258s] -- Found ament_cmake: 1.3.12 (/opt/ros/humble/share/ament_cmake/cmake)
[0.387s] -- Found Python3: /usr/bin/python3 (found version "3.10.12") found components: Interpreter 
[0.461s] -- Found ament_lint_auto: 0.12.14 (/opt/ros/humble/share/ament_lint_auto/cmake)
[0.526s] -- Added test 'flake8' to check Python code syntax and style conventions
[0.526s] -- Added test 'lint_cmake' to check CMake code style
[0.527s] -- Added test 'pep257' to check Python code against some of the docstring style conventions in PEP 257
[0.528s] -- Added test 'xmllint' to check XML markup files
[0.533s] -- Configuring done
[0.533s] -- Generating done
[0.534s] -- Build files have been written to: /home/clarissa/Documents/pers-robotics/car-scratch/src/build/sim
[0.539s] Invoked command in '/home/clarissa/Documents/pers-robotics/car-scratch/src/build/sim' returned '0': CMAKE_PREFIX_PATH=/home/clarissa/Documents/pers-robotics/car-scratch/src/install/simulation:/opt/ros/humble /usr/bin/cmake /home/clarissa/Documents/pers-robotics/car-scratch/src/sim -DCMAKE_INSTALL_PREFIX=/home/clarissa/Documents/pers-robotics/car-scratch/src/install/sim
[0.539s] Invoking command in '/home/clarissa/Documents/pers-robotics/car-scratch/src/build/sim': CMAKE_PREFIX_PATH=/home/clarissa/Documents/pers-robotics/car-scratch/src/install/simulation:/opt/ros/humble /usr/bin/cmake --build /home/clarissa/Documents/pers-robotics/car-scratch/src/build/sim -- -j20 -l20
[0.571s] Invoked command in '/home/clarissa/Documents/pers-robotics/car-scratch/src/build/sim' returned '0': CMAKE_PREFIX_PATH=/home/clarissa/Documents/pers-robotics/car-scratch/src/install/simulation:/opt/ros/humble /usr/bin/cmake --build /home/clarissa/Documents/pers-robotics/car-scratch/src/build/sim -- -j20 -l20
[0.581s] Invoking command in '/home/clarissa/Documents/pers-robotics/car-scratch/src/build/sim': CMAKE_PREFIX_PATH=/home/clarissa/Documents/pers-robotics/car-scratch/src/install/simulation:/opt/ros/humble /usr/bin/cmake --install /home/clarissa/Documents/pers-robotics/car-scratch/src/build/sim
[0.586s] -- Install configuration: ""
[0.586s] -- Installing: /home/clarissa/Documents/pers-robotics/car-scratch/src/install/sim/share/ament_index/resource_index/package_run_dependencies/sim
[0.586s] -- Installing: /home/clarissa/Documents/pers-robotics/car-scratch/src/install/sim/share/ament_index/resource_index/parent_prefix_path/sim
[0.586s] -- Installing: /home/clarissa/Documents/pers-robotics/car-scratch/src/install/sim/share/sim/environment/ament_prefix_path.sh
[0.586s] -- Installing: /home/clarissa/Documents/pers-robotics/car-scratch/src/install/sim/share/sim/environment/ament_prefix_path.dsv
[0.586s] -- Installing: /home/clarissa/Documents/pers-robotics/car-scratch/src/install/sim/share/sim/environment/path.sh
[0.587s] -- Installing: /home/clarissa/Documents/pers-robotics/car-scratch/src/install/sim/share/sim/environment/path.dsv
[0.587s] -- Installing: /home/clarissa/Documents/pers-robotics/car-scratch/src/install/sim/share/sim/local_setup.bash
[0.587s] -- Installing: /home/clarissa/Documents/pers-robotics/car-scratch/src/install/sim/share/sim/local_setup.sh
[0.587s] -- Installing: /home/clarissa/Documents/pers-robotics/car-scratch/src/install/sim/share/sim/local_setup.zsh
[0.587s] -- Installing: /home/clarissa/Documents/pers-robotics/car-scratch/src/install/sim/share/sim/local_setup.dsv
[0.587s] -- Installing: /home/clarissa/Documents/pers-robotics/car-scratch/src/install/sim/share/sim/package.dsv
[0.587s] -- Installing: /home/clarissa/Documents/pers-robotics/car-scratch/src/install/sim/share/ament_index/resource_index/packages/sim
[0.587s] -- Installing: /home/clarissa/Documents/pers-robotics/car-scratch/src/install/sim/share/sim/cmake/simConfig.cmake
[0.587s] -- Installing: /home/clarissa/Documents/pers-robotics/car-scratch/src/install/sim/share/sim/cmake/simConfig-version.cmake
[0.587s] -- Installing: /home/clarissa/Documents/pers-robotics/car-scratch/src/install/sim/share/sim/package.xml
[0.589s] Invoked command in '/home/clarissa/Documents/pers-robotics/car-scratch/src/build/sim' returned '0': CMAKE_PREFIX_PATH=/home/clarissa/Documents/pers-robotics/car-scratch/src/install/simulation:/opt/ros/humble /usr/bin/cmake --install /home/clarissa/Documents/pers-robotics/car-scratch/src/build/sim
