[0.010s] Invoking command in '/home/clarissa/Documents/pers-robotics/car-scratch/build/sim': CMAKE_PREFIX_PATH=${CMAKE_PREFIX_PATH}:/opt/ros/humble /usr/bin/cmake --build /home/clarissa/Documents/pers-robotics/car-scratch/build/sim -- -j20 -l20
[0.033s] -- Found ament_cmake: 1.3.12 (/opt/ros/humble/share/ament_cmake/cmake)
[0.119s] -- Found ament_lint_auto: 0.12.14 (/opt/ros/humble/share/ament_lint_auto/cmake)
[0.163s] -- Added test 'flake8' to check Python code syntax and style conventions
[0.163s] -- Added test 'lint_cmake' to check CMake code style
[0.163s] -- Added test 'pep257' to check Python code against some of the docstring style conventions in PEP 257
[0.164s] -- Added test 'xmllint' to check XML markup files
[0.164s] -- Configuring done
[0.166s] -- Generating done
[0.167s] -- Build files have been written to: /home/clarissa/Documents/pers-robotics/car-scratch/build/sim
[0.184s] Invoked command in '/home/clarissa/Documents/pers-robotics/car-scratch/build/sim' returned '0': CMAKE_PREFIX_PATH=${CMAKE_PREFIX_PATH}:/opt/ros/humble /usr/bin/cmake --build /home/clarissa/Documents/pers-robotics/car-scratch/build/sim -- -j20 -l20
[0.192s] Invoking command in '/home/clarissa/Documents/pers-robotics/car-scratch/build/sim': CMAKE_PREFIX_PATH=${CMAKE_PREFIX_PATH}:/opt/ros/humble /usr/bin/cmake --install /home/clarissa/Documents/pers-robotics/car-scratch/build/sim
[0.198s] -- Install configuration: ""
[0.198s] -- Up-to-date: /home/clarissa/Documents/pers-robotics/car-scratch/install/sim/share/sim/launch
[0.198s] -- Installing: /home/clarissa/Documents/pers-robotics/car-scratch/install/sim/share/sim/launch/gazebo.launch.py
[0.198s] -- Up-to-date: /home/clarissa/Documents/pers-robotics/car-scratch/install/sim/share/sim/launch/display.launch.py
[0.198s] -- Up-to-date: /home/clarissa/Documents/pers-robotics/car-scratch/install/sim/share/sim/urdf
[0.198s] -- Installing: /home/clarissa/Documents/pers-robotics/car-scratch/install/sim/share/sim/urdf/ros2_control.xacro
[0.198s] -- Installing: /home/clarissa/Documents/pers-robotics/car-scratch/install/sim/share/sim/urdf/robot.urdf.xacro
[0.198s] -- Up-to-date: /home/clarissa/Documents/pers-robotics/car-scratch/install/sim/share/sim/rviz
[0.198s] -- Installing: /home/clarissa/Documents/pers-robotics/car-scratch/install/sim/share/sim/config
[0.198s] -- Installing: /home/clarissa/Documents/pers-robotics/car-scratch/install/sim/share/sim/config/controllers.yaml
[0.198s] -- Up-to-date: /home/clarissa/Documents/pers-robotics/car-scratch/install/sim/share/ament_index/resource_index/package_run_dependencies/sim
[0.198s] -- Installing: /home/clarissa/Documents/pers-robotics/car-scratch/install/sim/share/ament_index/resource_index/parent_prefix_path/sim
[0.198s] -- Up-to-date: /home/clarissa/Documents/pers-robotics/car-scratch/install/sim/share/sim/environment/ament_prefix_path.sh
[0.198s] -- Installing: /home/clarissa/Documents/pers-robotics/car-scratch/install/sim/share/sim/environment/ament_prefix_path.dsv
[0.199s] -- Up-to-date: /home/clarissa/Documents/pers-robotics/car-scratch/install/sim/share/sim/environment/path.sh
[0.199s] -- Installing: /home/clarissa/Documents/pers-robotics/car-scratch/install/sim/share/sim/environment/path.dsv
[0.199s] -- Up-to-date: /home/clarissa/Documents/pers-robotics/car-scratch/install/sim/share/sim/local_setup.bash
[0.199s] -- Up-to-date: /home/clarissa/Documents/pers-robotics/car-scratch/install/sim/share/sim/local_setup.sh
[0.199s] -- Up-to-date: /home/clarissa/Documents/pers-robotics/car-scratch/install/sim/share/sim/local_setup.zsh
[0.199s] -- Installing: /home/clarissa/Documents/pers-robotics/car-scratch/install/sim/share/sim/local_setup.dsv
[0.199s] -- Installing: /home/clarissa/Documents/pers-robotics/car-scratch/install/sim/share/sim/package.dsv
[0.199s] -- Up-to-date: /home/clarissa/Documents/pers-robotics/car-scratch/install/sim/share/ament_index/resource_index/packages/sim
[0.199s] -- Up-to-date: /home/clarissa/Documents/pers-robotics/car-scratch/install/sim/share/sim/cmake/simConfig.cmake
[0.199s] -- Up-to-date: /home/clarissa/Documents/pers-robotics/car-scratch/install/sim/share/sim/cmake/simConfig-version.cmake
[0.199s] -- Up-to-date: /home/clarissa/Documents/pers-robotics/car-scratch/install/sim/share/sim/package.xml
[0.200s] Invoked command in '/home/clarissa/Documents/pers-robotics/car-scratch/build/sim' returned '0': CMAKE_PREFIX_PATH=${CMAKE_PREFIX_PATH}:/opt/ros/humble /usr/bin/cmake --install /home/clarissa/Documents/pers-robotics/car-scratch/build/sim
