[0.007s] Invoking command in '/home/clarissa/Documents/pers-robotics/car-scratch/build/sim': CMAKE_PREFIX_PATH=/opt/ros/humble /usr/bin/cmake /home/clarissa/Documents/pers-robotics/car-scratch/src/sim -DCMAKE_INSTALL_PREFIX=/home/clarissa/Documents/pers-robotics/car-scratch/install/sim
[0.045s] -- The C compiler identification is GNU 11.4.0
[0.079s] -- The CXX compiler identification is GNU 11.4.0
[0.084s] -- Detecting C compiler ABI info
[0.133s] -- Detecting C compiler ABI info - done
[0.137s] -- Check for working C compiler: /usr/bin/cc - skipped
[0.137s] -- Detecting C compile features
[0.138s] -- Detecting C compile features - done
[0.140s] -- Detecting CXX compiler ABI info
[0.196s] -- Detecting CXX compiler ABI info - done
[0.200s] -- Check for working CXX compiler: /usr/bin/c++ - skipped
[0.200s] -- Detecting CXX compile features
[0.201s] -- Detecting CXX compile features - done
[0.202s] -- Found ament_cmake: 1.3.12 (/opt/ros/humble/share/ament_cmake/cmake)
[0.324s] -- Found Python3: /usr/bin/python3 (found version "3.10.12") found components: Interpreter 
[0.388s] -- Found ament_lint_auto: 0.12.14 (/opt/ros/humble/share/ament_lint_auto/cmake)
[0.442s] -- Added test 'flake8' to check Python code syntax and style conventions
[0.442s] -- Added test 'lint_cmake' to check CMake code style
[0.442s] -- Added test 'pep257' to check Python code against some of the docstring style conventions in PEP 257
[0.443s] -- Added test 'xmllint' to check XML markup files
[0.444s] -- Configuring done
[0.445s] -- Generating done
[0.446s] -- Build files have been written to: /home/clarissa/Documents/pers-robotics/car-scratch/build/sim
[0.449s] Invoked command in '/home/clarissa/Documents/pers-robotics/car-scratch/build/sim' returned '0': CMAKE_PREFIX_PATH=/opt/ros/humble /usr/bin/cmake /home/clarissa/Documents/pers-robotics/car-scratch/src/sim -DCMAKE_INSTALL_PREFIX=/home/clarissa/Documents/pers-robotics/car-scratch/install/sim
[0.450s] Invoking command in '/home/clarissa/Documents/pers-robotics/car-scratch/build/sim': CMAKE_PREFIX_PATH=/opt/ros/humble /usr/bin/cmake --build /home/clarissa/Documents/pers-robotics/car-scratch/build/sim -- -j20 -l20
[0.477s] Invoked command in '/home/clarissa/Documents/pers-robotics/car-scratch/build/sim' returned '0': CMAKE_PREFIX_PATH=/opt/ros/humble /usr/bin/cmake --build /home/clarissa/Documents/pers-robotics/car-scratch/build/sim -- -j20 -l20
[0.484s] Invoking command in '/home/clarissa/Documents/pers-robotics/car-scratch/build/sim': CMAKE_PREFIX_PATH=/opt/ros/humble /usr/bin/cmake --install /home/clarissa/Documents/pers-robotics/car-scratch/build/sim
[0.488s] -- Install configuration: ""
[0.488s] -- Installing: /home/clarissa/Documents/pers-robotics/car-scratch/install/sim/share/sim/urdf
[0.488s] -- Installing: /home/clarissa/Documents/pers-robotics/car-scratch/install/sim/share/sim/urdf/robot.urdf.xacro
[0.488s] -- Installing: /home/clarissa/Documents/pers-robotics/car-scratch/install/sim/share/sim/launch
[0.488s] -- Installing: /home/clarissa/Documents/pers-robotics/car-scratch/install/sim/share/sim/launch/gazebo.launch.py
[0.488s] -- Installing: /home/clarissa/Documents/pers-robotics/car-scratch/install/sim/share/sim/launch/display.launch.py
[0.488s] -- Installing: /home/clarissa/Documents/pers-robotics/car-scratch/install/sim/share/sim/rviz
[0.488s] -- Installing: /home/clarissa/Documents/pers-robotics/car-scratch/install/sim/share/ament_index/resource_index/package_run_dependencies/sim
[0.488s] -- Installing: /home/clarissa/Documents/pers-robotics/car-scratch/install/sim/share/ament_index/resource_index/parent_prefix_path/sim
[0.488s] -- Installing: /home/clarissa/Documents/pers-robotics/car-scratch/install/sim/share/sim/environment/ament_prefix_path.sh
[0.488s] -- Installing: /home/clarissa/Documents/pers-robotics/car-scratch/install/sim/share/sim/environment/ament_prefix_path.dsv
[0.489s] -- Installing: /home/clarissa/Documents/pers-robotics/car-scratch/install/sim/share/sim/environment/path.sh
[0.489s] -- Installing: /home/clarissa/Documents/pers-robotics/car-scratch/install/sim/share/sim/environment/path.dsv
[0.489s] -- Installing: /home/clarissa/Documents/pers-robotics/car-scratch/install/sim/share/sim/local_setup.bash
[0.489s] -- Installing: /home/clarissa/Documents/pers-robotics/car-scratch/install/sim/share/sim/local_setup.sh
[0.489s] -- Installing: /home/clarissa/Documents/pers-robotics/car-scratch/install/sim/share/sim/local_setup.zsh
[0.489s] -- Installing: /home/clarissa/Documents/pers-robotics/car-scratch/install/sim/share/sim/local_setup.dsv
[0.489s] -- Installing: /home/clarissa/Documents/pers-robotics/car-scratch/install/sim/share/sim/package.dsv
[0.489s] -- Installing: /home/clarissa/Documents/pers-robotics/car-scratch/install/sim/share/ament_index/resource_index/packages/sim
[0.489s] -- Installing: /home/clarissa/Documents/pers-robotics/car-scratch/install/sim/share/sim/cmake/simConfig.cmake
[0.489s] -- Installing: /home/clarissa/Documents/pers-robotics/car-scratch/install/sim/share/sim/cmake/simConfig-version.cmake
[0.489s] -- Installing: /home/clarissa/Documents/pers-robotics/car-scratch/install/sim/share/sim/package.xml
[0.491s] Invoked command in '/home/clarissa/Documents/pers-robotics/car-scratch/build/sim' returned '0': CMAKE_PREFIX_PATH=/opt/ros/humble /usr/bin/cmake --install /home/clarissa/Documents/pers-robotics/car-scratch/build/sim
