[0.484s] Invoking command in '/home/clarissa/Documents/pers-robotics/car-scratch/src/simulation': PYTHONPATH=/home/clarissa/Documents/pers-robotics/car-scratch/src/build/simulation/prefix_override:/usr/lib/python3/dist-packages/colcon_core/task/python/colcon_distutils_commands:/home/clarissa/Documents/pers-robotics/car-scratch/src/install/simulation/lib/python3.10/site-packages:${PYTHONPATH} /usr/bin/python3 -W ignore:setup.py install is deprecated -W ignore:easy_install command is deprecated setup.py egg_info --egg-base ../build/simulation build --build-base /home/clarissa/Documents/pers-robotics/car-scratch/src/build/simulation/build install --record /home/clarissa/Documents/pers-robotics/car-scratch/src/build/simulation/install.log --single-version-externally-managed install_data
[0.640s] running egg_info
[0.640s] creating ../build/simulation/simulation.egg-info
[0.640s] writing ../build/simulation/simulation.egg-info/PKG-INFO
[0.640s] writing dependency_links to ../build/simulation/simulation.egg-info/dependency_links.txt
[0.640s] writing entry points to ../build/simulation/simulation.egg-info/entry_points.txt
[0.640s] writing requirements to ../build/simulation/simulation.egg-info/requires.txt
[0.640s] writing top-level names to ../build/simulation/simulation.egg-info/top_level.txt
[0.640s] writing manifest file '../build/simulation/simulation.egg-info/SOURCES.txt'
[0.641s] reading manifest file '../build/simulation/simulation.egg-info/SOURCES.txt'
[0.642s] writing manifest file '../build/simulation/simulation.egg-info/SOURCES.txt'
[0.642s] running build
[0.642s] running build_py
[0.642s] creating /home/clarissa/Documents/pers-robotics/car-scratch/src/build/simulation/build
[0.642s] creating /home/clarissa/Documents/pers-robotics/car-scratch/src/build/simulation/build/lib
[0.642s] creating /home/clarissa/Documents/pers-robotics/car-scratch/src/build/simulation/build/lib/simulation
[0.642s] copying simulation/__init__.py -> /home/clarissa/Documents/pers-robotics/car-scratch/src/build/simulation/build/lib/simulation
[0.642s] running install
[0.642s] running install_lib
[0.643s] creating /home/clarissa/Documents/pers-robotics/car-scratch/src/install/simulation/lib/python3.10/site-packages/simulation
[0.643s] copying /home/clarissa/Documents/pers-robotics/car-scratch/src/build/simulation/build/lib/simulation/__init__.py -> /home/clarissa/Documents/pers-robotics/car-scratch/src/install/simulation/lib/python3.10/site-packages/simulation
[0.643s] byte-compiling /home/clarissa/Documents/pers-robotics/car-scratch/src/install/simulation/lib/python3.10/site-packages/simulation/__init__.py to __init__.cpython-310.pyc
[0.643s] running install_data
[0.643s] creating /home/clarissa/Documents/pers-robotics/car-scratch/src/install/simulation/share/ament_index
[0.643s] creating /home/clarissa/Documents/pers-robotics/car-scratch/src/install/simulation/share/ament_index/resource_index
[0.643s] creating /home/clarissa/Documents/pers-robotics/car-scratch/src/install/simulation/share/ament_index/resource_index/packages
[0.643s] copying resource/simulation -> /home/clarissa/Documents/pers-robotics/car-scratch/src/install/simulation/share/ament_index/resource_index/packages
[0.643s] copying package.xml -> /home/clarissa/Documents/pers-robotics/car-scratch/src/install/simulation/share/simulation
[0.643s] running install_egg_info
[0.644s] Copying ../build/simulation/simulation.egg-info to /home/clarissa/Documents/pers-robotics/car-scratch/src/install/simulation/lib/python3.10/site-packages/simulation-0.0.0-py3.10.egg-info
[0.645s] running install_scripts
[0.657s] writing list of installed files to '/home/clarissa/Documents/pers-robotics/car-scratch/src/build/simulation/install.log'
[0.671s] Invoked command in '/home/clarissa/Documents/pers-robotics/car-scratch/src/simulation' returned '0': PYTHONPATH=/home/clarissa/Documents/pers-robotics/car-scratch/src/build/simulation/prefix_override:/usr/lib/python3/dist-packages/colcon_core/task/python/colcon_distutils_commands:/home/clarissa/Documents/pers-robotics/car-scratch/src/install/simulation/lib/python3.10/site-packages:${PYTHONPATH} /usr/bin/python3 -W ignore:setup.py install is deprecated -W ignore:easy_install command is deprecated setup.py egg_info --egg-base ../build/simulation build --build-base /home/clarissa/Documents/pers-robotics/car-scratch/src/build/simulation/build install --record /home/clarissa/Documents/pers-robotics/car-scratch/src/build/simulation/install.log --single-version-externally-managed install_data
