[0.078s] colcon DEBUG Command line arguments: ['/usr/bin/colcon', 'build', '--packages-select', 'sim']
[0.078s] colcon DEBUG Parsed command line arguments: Namespace(log_base=None, log_level=None, verb_name='build', build_base='build', install_base='install', merge_install=False, symlink_install=False, test_result_base=None, continue_on_error=False, executor='parallel', parallel_workers=20, event_handlers=None, ignore_user_meta=False, metas=['./colcon.meta'], base_paths=['.'], packages_ignore=None, packages_ignore_regex=None, paths=None, packages_up_to=None, packages_up_to_regex=None, packages_above=None, packages_above_and_dependencies=None, packages_above_depth=None, packages_select_by_dep=None, packages_skip_by_dep=None, packages_skip_up_to=None, packages_select_build_failed=False, packages_skip_build_finished=False, packages_select_test_failures=False, packages_skip_test_passed=False, packages_select=['sim'], packages_skip=None, packages_select_regex=None, packages_skip_regex=None, packages_start=None, packages_end=None, allow_overriding=[], cmake_args=None, cmake_target=None, cmake_target_skip_unavailable=False, cmake_clean_cache=False, cmake_clean_first=False, cmake_force_configure=False, ament_cmake_args=None, catkin_cmake_args=None, catkin_skip_building_tests=False, mixin_files=None, mixin=None, verb_parser=<colcon_mixin.mixin.mixin_argument.MixinArgumentDecorator object at 0x795b8932a950>, verb_extension=<colcon_core.verb.build.BuildVerb object at 0x795b89329900>, main=<bound method BuildVerb.main of <colcon_core.verb.build.BuildVerb object at 0x795b89329900>>, mixin_verb=('build',))
[0.221s] colcon.colcon_core.package_discovery Level 1 discover_packages(colcon_meta) check parameters
[0.221s] colcon.colcon_core.package_discovery Level 1 discover_packages(recursive) check parameters
[0.221s] colcon.colcon_core.package_discovery Level 1 discover_packages(ignore) check parameters
[0.221s] colcon.colcon_core.package_discovery Level 1 discover_packages(path) check parameters
[0.221s] colcon.colcon_core.package_discovery Level 1 discover_packages(colcon_meta) discover
[0.222s] colcon.colcon_core.package_discovery Level 1 discover_packages(recursive) discover
[0.222s] colcon.colcon_core.package_discovery INFO Crawling recursively for packages in '/home/clarissa/Documents/pers-robotics/car-scratch'
[0.222s] colcon.colcon_core.package_identification Level 1 _identify(.) by extensions ['ignore', 'ignore_ament_install']
[0.222s] colcon.colcon_core.package_identification Level 1 _identify(.) by extension 'ignore'
[0.222s] colcon.colcon_core.package_identification Level 1 _identify(.) by extension 'ignore_ament_install'
[0.222s] colcon.colcon_core.package_identification Level 1 _identify(.) by extensions ['colcon_pkg']
[0.222s] colcon.colcon_core.package_identification Level 1 _identify(.) by extension 'colcon_pkg'
[0.222s] colcon.colcon_core.package_identification Level 1 _identify(.) by extensions ['colcon_meta']
[0.222s] colcon.colcon_core.package_identification Level 1 _identify(.) by extension 'colcon_meta'
[0.222s] colcon.colcon_core.package_identification Level 1 _identify(.) by extensions ['ros']
[0.222s] colcon.colcon_core.package_identification Level 1 _identify(.) by extension 'ros'
[0.233s] colcon.colcon_core.package_identification Level 1 _identify(.) by extensions ['cmake', 'python']
[0.234s] colcon.colcon_core.package_identification Level 1 _identify(.) by extension 'cmake'
[0.234s] colcon.colcon_core.package_identification Level 1 _identify(.) by extension 'python'
[0.234s] colcon.colcon_core.package_identification Level 1 _identify(.) by extensions ['python_setup_py']
[0.234s] colcon.colcon_core.package_identification Level 1 _identify(.) by extension 'python_setup_py'
[0.234s] colcon.colcon_core.package_identification Level 1 _identify(build) by extensions ['ignore', 'ignore_ament_install']
[0.234s] colcon.colcon_core.package_identification Level 1 _identify(build) by extension 'ignore'
[0.234s] colcon.colcon_core.package_identification Level 1 _identify(build) ignored
[0.234s] colcon.colcon_core.package_identification Level 1 _identify(install) by extensions ['ignore', 'ignore_ament_install']
[0.234s] colcon.colcon_core.package_identification Level 1 _identify(install) by extension 'ignore'
[0.234s] colcon.colcon_core.package_identification Level 1 _identify(install) ignored
[0.234s] colcon.colcon_core.package_identification Level 1 _identify(log) by extensions ['ignore', 'ignore_ament_install']
[0.234s] colcon.colcon_core.package_identification Level 1 _identify(log) by extension 'ignore'
[0.234s] colcon.colcon_core.package_identification Level 1 _identify(log) ignored
[0.234s] colcon.colcon_core.package_identification Level 1 _identify(src) by extensions ['ignore', 'ignore_ament_install']
[0.234s] colcon.colcon_core.package_identification Level 1 _identify(src) by extension 'ignore'
[0.234s] colcon.colcon_core.package_identification Level 1 _identify(src) by extension 'ignore_ament_install'
[0.234s] colcon.colcon_core.package_identification Level 1 _identify(src) by extensions ['colcon_pkg']
[0.234s] colcon.colcon_core.package_identification Level 1 _identify(src) by extension 'colcon_pkg'
[0.234s] colcon.colcon_core.package_identification Level 1 _identify(src) by extensions ['colcon_meta']
[0.234s] colcon.colcon_core.package_identification Level 1 _identify(src) by extension 'colcon_meta'
[0.234s] colcon.colcon_core.package_identification Level 1 _identify(src) by extensions ['ros']
[0.234s] colcon.colcon_core.package_identification Level 1 _identify(src) by extension 'ros'
[0.234s] colcon.colcon_core.package_identification Level 1 _identify(src) by extensions ['cmake', 'python']
[0.234s] colcon.colcon_core.package_identification Level 1 _identify(src) by extension 'cmake'
[0.234s] colcon.colcon_core.package_identification Level 1 _identify(src) by extension 'python'
[0.234s] colcon.colcon_core.package_identification Level 1 _identify(src) by extensions ['python_setup_py']
[0.234s] colcon.colcon_core.package_identification Level 1 _identify(src) by extension 'python_setup_py'
[0.234s] colcon.colcon_core.package_identification Level 1 _identify(src/build) by extensions ['ignore', 'ignore_ament_install']
[0.235s] colcon.colcon_core.package_identification Level 1 _identify(src/build) by extension 'ignore'
[0.235s] colcon.colcon_core.package_identification Level 1 _identify(src/build) ignored
[0.235s] colcon.colcon_core.package_identification Level 1 _identify(src/install) by extensions ['ignore', 'ignore_ament_install']
[0.235s] colcon.colcon_core.package_identification Level 1 _identify(src/install) by extension 'ignore'
[0.235s] colcon.colcon_core.package_identification Level 1 _identify(src/install) ignored
[0.235s] colcon.colcon_core.package_identification Level 1 _identify(src/log) by extensions ['ignore', 'ignore_ament_install']
[0.235s] colcon.colcon_core.package_identification Level 1 _identify(src/log) by extension 'ignore'
[0.235s] colcon.colcon_core.package_identification Level 1 _identify(src/log) ignored
[0.235s] colcon.colcon_core.package_identification Level 1 _identify(src/sim) by extensions ['ignore', 'ignore_ament_install']
[0.235s] colcon.colcon_core.package_identification Level 1 _identify(src/sim) by extension 'ignore'
[0.235s] colcon.colcon_core.package_identification Level 1 _identify(src/sim) by extension 'ignore_ament_install'
[0.235s] colcon.colcon_core.package_identification Level 1 _identify(src/sim) by extensions ['colcon_pkg']
[0.235s] colcon.colcon_core.package_identification Level 1 _identify(src/sim) by extension 'colcon_pkg'
[0.235s] colcon.colcon_core.package_identification Level 1 _identify(src/sim) by extensions ['colcon_meta']
[0.235s] colcon.colcon_core.package_identification Level 1 _identify(src/sim) by extension 'colcon_meta'
[0.235s] colcon.colcon_core.package_identification Level 1 _identify(src/sim) by extensions ['ros']
[0.235s] colcon.colcon_core.package_identification Level 1 _identify(src/sim) by extension 'ros'
[0.237s] colcon.colcon_core.package_identification DEBUG Package 'src/sim' with type 'ros.ament_cmake' and name 'sim'
[0.237s] colcon.colcon_core.package_discovery Level 1 discover_packages(recursive) using defaults
[0.237s] colcon.colcon_core.package_discovery Level 1 discover_packages(ignore) discover
[0.237s] colcon.colcon_core.package_discovery Level 1 discover_packages(ignore) using defaults
[0.237s] colcon.colcon_core.package_discovery Level 1 discover_packages(path) discover
[0.237s] colcon.colcon_core.package_discovery Level 1 discover_packages(path) using defaults
[0.250s] colcon.colcon_core.package_discovery Level 1 discover_packages(prefix_path) check parameters
[0.250s] colcon.colcon_core.package_discovery Level 1 discover_packages(prefix_path) discover
[0.252s] colcon.colcon_installed_package_information.package_discovery DEBUG Found 466 installed packages in /opt/ros/humble
[0.254s] colcon.colcon_core.package_discovery Level 1 discover_packages(prefix_path) using defaults
[0.287s] colcon.colcon_core.verb Level 5 set package 'sim' build argument 'cmake_args' from command line to 'None'
[0.288s] colcon.colcon_core.verb Level 5 set package 'sim' build argument 'cmake_target' from command line to 'None'
[0.288s] colcon.colcon_core.verb Level 5 set package 'sim' build argument 'cmake_target_skip_unavailable' from command line to 'False'
[0.288s] colcon.colcon_core.verb Level 5 set package 'sim' build argument 'cmake_clean_cache' from command line to 'False'
[0.288s] colcon.colcon_core.verb Level 5 set package 'sim' build argument 'cmake_clean_first' from command line to 'False'
[0.288s] colcon.colcon_core.verb Level 5 set package 'sim' build argument 'cmake_force_configure' from command line to 'False'
[0.288s] colcon.colcon_core.verb Level 5 set package 'sim' build argument 'ament_cmake_args' from command line to 'None'
[0.288s] colcon.colcon_core.verb Level 5 set package 'sim' build argument 'catkin_cmake_args' from command line to 'None'
[0.288s] colcon.colcon_core.verb Level 5 set package 'sim' build argument 'catkin_skip_building_tests' from command line to 'False'
[0.288s] colcon.colcon_core.verb DEBUG Building package 'sim' with the following arguments: {'ament_cmake_args': None, 'build_base': '/home/clarissa/Documents/pers-robotics/car-scratch/build/sim', 'catkin_cmake_args': None, 'catkin_skip_building_tests': False, 'cmake_args': None, 'cmake_clean_cache': False, 'cmake_clean_first': False, 'cmake_force_configure': False, 'cmake_target': None, 'cmake_target_skip_unavailable': False, 'install_base': '/home/clarissa/Documents/pers-robotics/car-scratch/install/sim', 'merge_install': False, 'path': '/home/clarissa/Documents/pers-robotics/car-scratch/src/sim', 'symlink_install': False, 'test_result_base': None}
[0.288s] colcon.colcon_core.executor INFO Executing jobs using 'parallel' executor
[0.289s] colcon.colcon_parallel_executor.executor.parallel DEBUG run_until_complete
[0.289s] colcon.colcon_ros.task.ament_cmake.build INFO Building ROS package in '/home/clarissa/Documents/pers-robotics/car-scratch/src/sim' with build type 'ament_cmake'
[0.289s] colcon.colcon_cmake.task.cmake.build INFO Building CMake package in '/home/clarissa/Documents/pers-robotics/car-scratch/src/sim'
[0.290s] colcon.colcon_core.plugin_system INFO Skipping extension 'colcon_core.shell.bat': Not used on non-Windows systems
[0.290s] colcon.colcon_core.shell INFO Skip shell extension 'powershell' for command environment: Not usable outside of PowerShell
[0.291s] colcon.colcon_core.shell DEBUG Skip shell extension 'dsv' for command environment
[0.298s] colcon.colcon_core.event_handler.log_command DEBUG Invoking command in '/home/clarissa/Documents/pers-robotics/car-scratch/build/sim': CMAKE_PREFIX_PATH=/opt/ros/humble /usr/bin/cmake --build /home/clarissa/Documents/pers-robotics/car-scratch/build/sim -- -j20 -l20
[0.339s] colcon.colcon_core.event_handler.log_command DEBUG Invoked command in '/home/clarissa/Documents/pers-robotics/car-scratch/build/sim' returned '0': CMAKE_PREFIX_PATH=/opt/ros/humble /usr/bin/cmake --build /home/clarissa/Documents/pers-robotics/car-scratch/build/sim -- -j20 -l20
[0.351s] colcon.colcon_core.event_handler.log_command DEBUG Invoking command in '/home/clarissa/Documents/pers-robotics/car-scratch/build/sim': CMAKE_PREFIX_PATH=/opt/ros/humble /usr/bin/cmake --install /home/clarissa/Documents/pers-robotics/car-scratch/build/sim
[0.361s] colcon.colcon_core.environment Level 1 create_environment_scripts_only(sim)
[0.362s] colcon.colcon_core.event_handler.log_command DEBUG Invoked command in '/home/clarissa/Documents/pers-robotics/car-scratch/build/sim' returned '0': CMAKE_PREFIX_PATH=/opt/ros/humble /usr/bin/cmake --install /home/clarissa/Documents/pers-robotics/car-scratch/build/sim
[0.363s] colcon.colcon_core.environment Level 1 checking '/home/clarissa/Documents/pers-robotics/car-scratch/install/sim' for CMake module files
[0.364s] colcon.colcon_core.environment Level 1 checking '/home/clarissa/Documents/pers-robotics/car-scratch/install/sim' for CMake config files
[0.364s] colcon.colcon_core.shell Level 1 create_environment_hook('sim', 'cmake_prefix_path')
[0.364s] colcon.colcon_core.shell INFO Creating environment hook '/home/clarissa/Documents/pers-robotics/car-scratch/install/sim/share/sim/hook/cmake_prefix_path.ps1'
[0.364s] colcon.colcon_core.shell INFO Creating environment descriptor '/home/clarissa/Documents/pers-robotics/car-scratch/install/sim/share/sim/hook/cmake_prefix_path.dsv'
[0.365s] colcon.colcon_core.shell INFO Creating environment hook '/home/clarissa/Documents/pers-robotics/car-scratch/install/sim/share/sim/hook/cmake_prefix_path.sh'
[0.365s] colcon.colcon_core.environment Level 1 checking '/home/clarissa/Documents/pers-robotics/car-scratch/install/sim/bin'
[0.365s] colcon.colcon_core.environment Level 1 checking '/home/clarissa/Documents/pers-robotics/car-scratch/install/sim/lib/pkgconfig/sim.pc'
[0.366s] colcon.colcon_core.environment Level 1 checking '/home/clarissa/Documents/pers-robotics/car-scratch/install/sim/lib/python3.10/site-packages'
[0.366s] colcon.colcon_core.environment Level 1 checking '/home/clarissa/Documents/pers-robotics/car-scratch/install/sim/bin'
[0.366s] colcon.colcon_core.shell INFO Creating package script '/home/clarissa/Documents/pers-robotics/car-scratch/install/sim/share/sim/package.ps1'
[0.367s] colcon.colcon_core.shell INFO Creating package descriptor '/home/clarissa/Documents/pers-robotics/car-scratch/install/sim/share/sim/package.dsv'
[0.367s] colcon.colcon_core.shell INFO Creating package script '/home/clarissa/Documents/pers-robotics/car-scratch/install/sim/share/sim/package.sh'
[0.368s] colcon.colcon_core.shell INFO Creating package script '/home/clarissa/Documents/pers-robotics/car-scratch/install/sim/share/sim/package.bash'
[0.368s] colcon.colcon_core.shell INFO Creating package script '/home/clarissa/Documents/pers-robotics/car-scratch/install/sim/share/sim/package.zsh'
[0.369s] colcon.colcon_core.environment Level 1 create_file_with_runtime_dependencies(/home/clarissa/Documents/pers-robotics/car-scratch/install/sim/share/colcon-core/packages/sim)
[0.369s] colcon.colcon_core.environment Level 1 create_environment_scripts_only(sim)
[0.369s] colcon.colcon_core.environment Level 1 checking '/home/clarissa/Documents/pers-robotics/car-scratch/install/sim' for CMake module files
[0.369s] colcon.colcon_core.environment Level 1 checking '/home/clarissa/Documents/pers-robotics/car-scratch/install/sim' for CMake config files
[0.370s] colcon.colcon_core.shell Level 1 create_environment_hook('sim', 'cmake_prefix_path')
[0.370s] colcon.colcon_core.shell INFO Creating environment hook '/home/clarissa/Documents/pers-robotics/car-scratch/install/sim/share/sim/hook/cmake_prefix_path.ps1'
[0.370s] colcon.colcon_core.shell INFO Creating environment descriptor '/home/clarissa/Documents/pers-robotics/car-scratch/install/sim/share/sim/hook/cmake_prefix_path.dsv'
[0.370s] colcon.colcon_core.shell INFO Creating environment hook '/home/clarissa/Documents/pers-robotics/car-scratch/install/sim/share/sim/hook/cmake_prefix_path.sh'
[0.371s] colcon.colcon_core.environment Level 1 checking '/home/clarissa/Documents/pers-robotics/car-scratch/install/sim/bin'
[0.371s] colcon.colcon_core.environment Level 1 checking '/home/clarissa/Documents/pers-robotics/car-scratch/install/sim/lib/pkgconfig/sim.pc'
[0.371s] colcon.colcon_core.environment Level 1 checking '/home/clarissa/Documents/pers-robotics/car-scratch/install/sim/lib/python3.10/site-packages'
[0.371s] colcon.colcon_core.environment Level 1 checking '/home/clarissa/Documents/pers-robotics/car-scratch/install/sim/bin'
[0.372s] colcon.colcon_core.shell INFO Creating package script '/home/clarissa/Documents/pers-robotics/car-scratch/install/sim/share/sim/package.ps1'
[0.372s] colcon.colcon_core.shell INFO Creating package descriptor '/home/clarissa/Documents/pers-robotics/car-scratch/install/sim/share/sim/package.dsv'
[0.372s] colcon.colcon_core.shell INFO Creating package script '/home/clarissa/Documents/pers-robotics/car-scratch/install/sim/share/sim/package.sh'
[0.373s] colcon.colcon_core.shell INFO Creating package script '/home/clarissa/Documents/pers-robotics/car-scratch/install/sim/share/sim/package.bash'
[0.373s] colcon.colcon_core.shell INFO Creating package script '/home/clarissa/Documents/pers-robotics/car-scratch/install/sim/share/sim/package.zsh'
[0.373s] colcon.colcon_core.environment Level 1 create_file_with_runtime_dependencies(/home/clarissa/Documents/pers-robotics/car-scratch/install/sim/share/colcon-core/packages/sim)
[0.373s] colcon.colcon_parallel_executor.executor.parallel DEBUG closing loop
[0.373s] colcon.colcon_parallel_executor.executor.parallel DEBUG loop closed
[0.373s] colcon.colcon_parallel_executor.executor.parallel DEBUG run_until_complete finished with '0'
[0.373s] colcon.colcon_core.event_reactor DEBUG joining thread
[0.377s] colcon.colcon_core.plugin_system INFO Skipping extension 'colcon_notification.desktop_notification.terminal_notifier': Not used on non-Darwin systems
[0.377s] colcon.colcon_core.plugin_system INFO Skipping extension 'colcon_notification.desktop_notification.win32': Not used on non-Windows systems
[0.377s] colcon.colcon_notification.desktop_notification INFO Sending desktop notification using 'notify2'
[0.385s] colcon.colcon_core.event_reactor DEBUG joined thread
[0.385s] colcon.colcon_core.shell INFO Creating prefix script '/home/clarissa/Documents/pers-robotics/car-scratch/install/local_setup.ps1'
[0.386s] colcon.colcon_core.shell INFO Creating prefix util module '/home/clarissa/Documents/pers-robotics/car-scratch/install/_local_setup_util_ps1.py'
[0.387s] colcon.colcon_core.shell INFO Creating prefix chain script '/home/clarissa/Documents/pers-robotics/car-scratch/install/setup.ps1'
[0.388s] colcon.colcon_core.shell INFO Creating prefix script '/home/clarissa/Documents/pers-robotics/car-scratch/install/local_setup.sh'
[0.388s] colcon.colcon_core.shell INFO Creating prefix util module '/home/clarissa/Documents/pers-robotics/car-scratch/install/_local_setup_util_sh.py'
[0.388s] colcon.colcon_core.shell INFO Creating prefix chain script '/home/clarissa/Documents/pers-robotics/car-scratch/install/setup.sh'
[0.389s] colcon.colcon_core.shell INFO Creating prefix script '/home/clarissa/Documents/pers-robotics/car-scratch/install/local_setup.bash'
[0.389s] colcon.colcon_core.shell INFO Creating prefix chain script '/home/clarissa/Documents/pers-robotics/car-scratch/install/setup.bash'
[0.390s] colcon.colcon_core.shell INFO Creating prefix script '/home/clarissa/Documents/pers-robotics/car-scratch/install/local_setup.zsh'
[0.390s] colcon.colcon_core.shell INFO Creating prefix chain script '/home/clarissa/Documents/pers-robotics/car-scratch/install/setup.zsh'
